TN:
SF:backend\src\server.js
FN:45,(anonymous_0)
FN:53,(anonymous_1)
FN:59,(anonymous_2)
FN:69,(anonymous_3)
FN:74,(anonymous_4)
FN:78,(anonymous_5)
FNF:6
FNH:1
FNDA:0,(anonymous_0)
FNDA:0,(anonymous_1)
FNDA:0,(anonymous_2)
FNDA:1,(anonymous_3)
FNDA:0,(anonymous_4)
FNDA:0,(anonymous_5)
DA:1,1
DA:2,1
DA:3,1
DA:4,1
DA:5,1
DA:8,1
DA:9,1
DA:10,1
DA:11,1
DA:12,1
DA:13,1
DA:14,1
DA:15,1
DA:18,1
DA:21,1
DA:24,1
DA:25,1
DA:31,1
DA:34,1
DA:35,1
DA:36,1
DA:37,1
DA:38,1
DA:39,1
DA:40,1
DA:41,1
DA:45,1
DA:46,0
DA:50,1
DA:51,0
DA:53,0
DA:54,0
DA:59,1
DA:60,0
DA:61,0
DA:65,1
DA:70,1
DA:73,1
DA:74,1
DA:75,0
DA:79,0
DA:80,0
DA:83,1
LF:43
LH:34
BRDA:26,0,0,1
BRDA:26,0,1,0
BRDA:50,1,0,0
BRDA:50,1,1,1
BRDA:73,2,0,1
BRDA:73,2,1,0
BRF:6
BRH:3
end_of_record
TN:
SF:backend\src\controllers\authController.js
FN:6,(anonymous_0)
FN:51,(anonymous_1)
FN:89,(anonymous_2)
FN:108,(anonymous_3)
FNF:4
FNH:0
FNDA:0,(anonymous_0)
FNDA:0,(anonymous_1)
FNDA:0,(anonymous_2)
FNDA:0,(anonymous_3)
DA:1,1
DA:2,1
DA:3,1
DA:6,1
DA:7,0
DA:8,0
DA:11,0
DA:12,0
DA:16,0
DA:17,0
DA:18,0
DA:22,0
DA:31,0
DA:34,0
DA:36,0
DA:45,0
DA:46,0
DA:51,1
DA:52,0
DA:53,0
DA:56,0
DA:57,0
DA:61,0
DA:62,0
DA:63,0
DA:67,0
DA:68,0
DA:69,0
DA:72,0
DA:83,0
DA:84,0
DA:89,1
DA:90,0
DA:91,0
DA:94,0
DA:95,0
DA:98,0
DA:100,0
DA:102,0
DA:103,0
DA:108,1
DA:109,0
DA:110,0
DA:112,0
DA:113,0
DA:116,0
DA:131,0
DA:132,0
DA:136,1
LF:49
LH:8
BRDA:11,0,0,0
BRDA:11,0,1,0
BRDA:11,1,0,0
BRDA:11,1,1,0
BRDA:11,1,2,0
BRDA:11,1,3,0
BRDA:17,2,0,0
BRDA:17,2,1,0
BRDA:17,3,0,0
BRDA:17,3,1,0
BRDA:46,4,0,0
BRDA:46,4,1,0
BRDA:56,5,0,0
BRDA:56,5,1,0
BRDA:56,6,0,0
BRDA:56,6,1,0
BRDA:62,7,0,0
BRDA:62,7,1,0
BRDA:62,8,0,0
BRDA:62,8,1,0
BRDA:68,9,0,0
BRDA:68,9,1,0
BRDA:84,10,0,0
BRDA:84,10,1,0
BRDA:94,11,0,0
BRDA:94,11,1,0
BRDA:103,12,0,0
BRDA:103,12,1,0
BRDA:112,13,0,0
BRDA:112,13,1,0
BRDA:132,14,0,0
BRDA:132,14,1,0
BRF:32
BRH:0
end_of_record
TN:
SF:backend\src\controllers\contactController.js
FN:4,(anonymous_0)
FNF:1
FNH:0
FNDA:0,(anonymous_0)
DA:1,1
DA:4,1
DA:5,0
DA:7,0
DA:10,0
DA:11,0
DA:15,0
DA:26,0
DA:27,0
DA:28,0
DA:32,0
DA:37,0
DA:38,0
LF:13
LH:2
BRDA:10,0,0,0
BRDA:10,0,1,0
BRDA:10,1,0,0
BRDA:10,1,1,0
BRDA:10,1,2,0
BRDA:10,1,3,0
BRDA:26,2,0,0
BRDA:26,2,1,0
BRF:8
BRH:0
end_of_record
TN:
SF:backend\src\controllers\donationCenterController.js
FN:6,(anonymous_0)
FN:22,(anonymous_1)
FN:32,(anonymous_2)
FN:34,(anonymous_3)
FN:43,(anonymous_4)
FN:53,(anonymous_5)
FN:67,(anonymous_6)
FN:77,(anonymous_7)
FN:96,(anonymous_8)
FN:116,(anonymous_9)
FN:134,(anonymous_10)
FN:139,(anonymous_11)
FN:167,(anonymous_12)
FN:173,(anonymous_13)
FN:197,(anonymous_14)
FN:225,(anonymous_15)
FN:229,(anonymous_16)
FN:245,(anonymous_17)
FN:271,formatCenterResponse
FN:299,(anonymous_19)
FN:322,calculateDistance
FN:335,deg2rad
FN:340,formatOperatingHours
FN:358,getTimeRangeForSlot
FN:371,(anonymous_24)
FN:384,(anonymous_25)
FN:404,(anonymous_26)
FNF:27
FNH:0
FNDA:0,(anonymous_0)
FNDA:0,(anonymous_1)
FNDA:0,(anonymous_2)
FNDA:0,(anonymous_3)
FNDA:0,(anonymous_4)
FNDA:0,(anonymous_5)
FNDA:0,(anonymous_6)
FNDA:0,(anonymous_7)
FNDA:0,(anonymous_8)
FNDA:0,(anonymous_9)
FNDA:0,(anonymous_10)
FNDA:0,(anonymous_11)
FNDA:0,(anonymous_12)
FNDA:0,(anonymous_13)
FNDA:0,(anonymous_14)
FNDA:0,(anonymous_15)
FNDA:0,(anonymous_16)
FNDA:0,(anonymous_17)
FNDA:0,formatCenterResponse
FNDA:0,(anonymous_19)
FNDA:0,calculateDistance
FNDA:0,deg2rad
FNDA:0,formatOperatingHours
FNDA:0,getTimeRangeForSlot
FNDA:0,(anonymous_24)
FNDA:0,(anonymous_25)
FNDA:0,(anonymous_26)
DA:1,1
DA:2,1
DA:3,1
DA:6,1
DA:7,0
DA:8,0
DA:11,0
DA:13,0
DA:14,0
DA:17,0
DA:20,0
DA:21,0
DA:22,0
DA:23,0
DA:24,0
DA:29,0
DA:30,0
DA:31,0
DA:32,0
DA:33,0
DA:34,0
DA:35,0
DA:36,0
DA:43,0
DA:45,0
DA:47,0
DA:48,0
DA:53,1
DA:54,0
DA:56,0
DA:57,0
DA:60,0
DA:61,0
DA:64,0
DA:67,0
DA:69,0
DA:71,0
DA:72,0
DA:77,1
DA:78,0
DA:79,0
DA:81,0
DA:82,0
DA:86,0
DA:88,0
DA:90,0
DA:91,0
DA:96,1
DA:97,0
DA:98,0
DA:101,0
DA:102,0
DA:108,0
DA:109,0
DA:110,0
DA:114,0
DA:115,0
DA:116,0
DA:118,0
DA:119,0
DA:123,0
DA:131,0
DA:134,0
DA:135,0
DA:138,0
DA:139,0
DA:140,0
DA:141,0
DA:142,0
DA:146,0
DA:161,0
DA:162,0
DA:167,1
DA:168,0
DA:169,0
DA:173,0
DA:189,0
DA:191,0
DA:192,0
DA:197,1
DA:198,0
DA:199,0
DA:201,0
DA:202,0
DA:206,0
DA:207,0
DA:211,0
DA:212,0
DA:218,0
DA:219,0
DA:222,0
DA:223,0
DA:224,0
DA:225,0
DA:226,0
DA:228,0
DA:229,0
DA:230,0
DA:231,0
DA:232,0
DA:237,0
DA:239,0
DA:240,0
DA:245,1
DA:246,0
DA:247,0
DA:249,0
DA:250,0
DA:254,0
DA:255,0
DA:258,0
DA:259,0
DA:260,0
DA:263,0
DA:265,0
DA:266,0
DA:273,0
DA:274,0
DA:276,0
DA:285,0
DA:288,0
DA:289,0
DA:291,0
DA:292,0
DA:293,0
DA:295,0
DA:296,0
DA:297,0
DA:299,0
DA:304,0
DA:323,0
DA:324,0
DA:325,0
DA:327,0
DA:330,0
DA:331,0
DA:332,0
DA:336,0
DA:341,0
DA:343,0
DA:344,0
DA:346,0
DA:347,0
DA:348,0
DA:350,0
DA:354,0
DA:359,0
DA:361,0
DA:363,0
DA:365,0
DA:367,0
DA:371,1
DA:372,0
DA:374,0
DA:376,0
DA:378,0
DA:379,0
DA:384,1
DA:385,0
DA:386,0
DA:387,0
DA:389,0
DA:390,0
DA:393,0
DA:395,0
DA:396,0
DA:400,0
DA:401,0
DA:404,0
DA:406,0
DA:408,0
DA:409,0
DA:414,1
LF:173
LH:13
BRDA:13,0,0,0
BRDA:13,0,1,0
BRDA:14,1,0,0
BRDA:14,1,1,0
BRDA:20,2,0,0
BRDA:20,2,1,0
BRDA:29,3,0,0
BRDA:29,3,1,0
BRDA:31,4,0,0
BRDA:31,4,1,0
BRDA:33,5,0,0
BRDA:33,5,1,0
BRDA:36,6,0,0
BRDA:36,6,1,0
BRDA:56,7,0,0
BRDA:56,7,1,0
BRDA:56,8,0,0
BRDA:56,8,1,0
BRDA:56,8,2,0
BRDA:61,9,0,0
BRDA:61,9,1,0
BRDA:81,10,0,0
BRDA:81,10,1,0
BRDA:101,11,0,0
BRDA:101,11,1,0
BRDA:109,12,0,0
BRDA:109,12,1,0
BRDA:118,13,0,0
BRDA:118,13,1,0
BRDA:138,14,0,0
BRDA:138,14,1,0
BRDA:140,15,0,0
BRDA:140,15,1,0
BRDA:201,16,0,0
BRDA:201,16,1,0
BRDA:206,17,0,0
BRDA:206,17,1,0
BRDA:211,18,0,0
BRDA:211,18,1,0
BRDA:223,19,0,0
BRDA:223,19,1,0
BRDA:228,20,0,0
BRDA:228,20,1,0
BRDA:230,21,0,0
BRDA:230,21,1,0
BRDA:249,22,0,0
BRDA:249,22,1,0
BRDA:259,23,0,0
BRDA:259,23,1,0
BRDA:274,24,0,0
BRDA:274,24,1,0
BRDA:274,25,0,0
BRDA:274,25,1,0
BRDA:274,25,2,0
BRDA:274,25,3,0
BRDA:274,25,4,0
BRDA:296,26,0,0
BRDA:296,26,1,0
BRDA:315,27,0,0
BRDA:315,27,1,0
BRDA:317,28,0,0
BRDA:317,28,1,0
BRDA:341,29,0,0
BRDA:341,29,1,0
BRDA:347,30,0,0
BRDA:347,30,1,0
BRDA:347,31,0,0
BRDA:347,31,1,0
BRDA:347,31,2,0
BRDA:359,32,0,0
BRDA:359,32,1,0
BRDA:359,32,2,0
BRDA:359,32,3,0
BRDA:389,33,0,0
BRDA:389,33,1,0
BRDA:395,34,0,0
BRDA:395,34,1,0
BRF:77
BRH:0
end_of_record
TN:
SF:backend\src\controllers\donationController.js
FN:6,(anonymous_0)
FN:47,(anonymous_1)
FN:68,(anonymous_2)
FN:82,(anonymous_3)
FN:115,(anonymous_4)
FNF:5
FNH:0
FNDA:0,(anonymous_0)
FNDA:0,(anonymous_1)
FNDA:0,(anonymous_2)
FNDA:0,(anonymous_3)
FNDA:0,(anonymous_4)
DA:1,1
DA:2,1
DA:3,1
DA:6,1
DA:7,0
DA:14,0
DA:17,0
DA:18,0
DA:20,0
DA:21,0
DA:27,0
DA:36,0
DA:39,0
DA:40,0
DA:41,0
DA:43,0
DA:46,0
DA:47,0
DA:50,0
DA:51,0
DA:52,0
DA:57,0
DA:62,0
DA:63,0
DA:68,1
DA:69,0
DA:70,0
DA:74,0
DA:76,0
DA:77,0
DA:82,1
DA:83,0
DA:84,0
DA:86,0
DA:90,0
DA:91,0
DA:95,0
DA:96,0
DA:98,0
DA:99,0
DA:100,0
DA:103,0
DA:104,0
DA:107,0
DA:109,0
DA:110,0
DA:115,1
DA:116,0
DA:117,0
DA:121,0
DA:123,0
DA:124,0
DA:127,0
DA:128,0
DA:130,0
DA:135,0
DA:136,0
DA:140,1
LF:58
LH:8
BRDA:20,0,0,0
BRDA:20,0,1,0
BRDA:31,1,0,0
BRDA:31,1,1,0
BRDA:32,2,0,0
BRDA:32,2,1,0
BRDA:39,3,0,0
BRDA:39,3,1,0
BRDA:41,4,0,0
BRDA:41,4,1,0
BRDA:50,5,0,0
BRDA:50,5,1,0
BRDA:63,6,0,0
BRDA:63,6,1,0
BRDA:77,7,0,0
BRDA:77,7,1,0
BRDA:90,8,0,0
BRDA:90,8,1,0
BRDA:98,9,0,0
BRDA:98,9,1,0
BRDA:103,10,0,0
BRDA:103,10,1,0
BRDA:103,11,0,0
BRDA:103,11,1,0
BRDA:110,12,0,0
BRDA:110,12,1,0
BRDA:123,13,0,0
BRDA:123,13,1,0
BRDA:136,14,0,0
BRDA:136,14,1,0
BRF:30
BRH:0
end_of_record
TN:
SF:backend\src\controllers\matchController.js
FN:6,(anonymous_0)
FN:35,(anonymous_1)
FN:63,(anonymous_2)
FNF:3
FNH:0
FNDA:0,(anonymous_0)
FNDA:0,(anonymous_1)
FNDA:0,(anonymous_2)
DA:1,1
DA:2,1
DA:3,1
DA:6,1
DA:7,0
DA:8,0
DA:10,0
DA:12,0
DA:13,0
DA:17,0
DA:18,0
DA:22,0
DA:25,0
DA:32,0
DA:33,0
DA:35,0
DA:36,0
DA:42,0
DA:43,0
DA:48,0
DA:49,0
DA:52,0
DA:57,0
DA:58,0
DA:63,1
DA:64,0
DA:65,0
DA:67,0
DA:69,0
DA:70,0
DA:74,0
DA:75,0
DA:79,0
DA:80,0
DA:82,0
DA:83,0
DA:89,0
DA:90,0
DA:91,0
DA:97,0
DA:100,0
DA:103,0
DA:105,0
DA:110,0
DA:111,0
DA:115,1
LF:46
LH:6
BRDA:12,0,0,0
BRDA:12,0,1,0
BRDA:17,1,0,0
BRDA:17,1,1,0
BRDA:33,2,0,0
BRDA:33,2,1,0
BRDA:33,3,0,0
BRDA:33,3,1,0
BRDA:36,4,0,0
BRDA:36,4,1,0
BRDA:36,4,2,0
BRDA:42,5,0,0
BRDA:42,5,1,0
BRDA:58,6,0,0
BRDA:58,6,1,0
BRDA:69,7,0,0
BRDA:69,7,1,0
BRDA:74,8,0,0
BRDA:74,8,1,0
BRDA:82,9,0,0
BRDA:82,9,1,0
BRDA:90,10,0,0
BRDA:90,10,1,0
BRDA:111,11,0,0
BRDA:111,11,1,0
BRF:25
BRH:0
end_of_record
TN:
SF:backend\src\controllers\requestController.js
FN:6,(anonymous_0)
FN:48,(anonymous_1)
FN:97,(anonymous_2)
FN:117,(anonymous_3)
FN:130,(anonymous_4)
FN:167,(anonymous_5)
FN:183,(anonymous_6)
FNF:7
FNH:0
FNDA:0,(anonymous_0)
FNDA:0,(anonymous_1)
FNDA:0,(anonymous_2)
FNDA:0,(anonymous_3)
FNDA:0,(anonymous_4)
FNDA:0,(anonymous_5)
FNDA:0,(anonymous_6)
DA:1,1
DA:2,1
DA:3,1
DA:6,1
DA:7,0
DA:14,0
DA:17,0
DA:28,0
DA:29,0
DA:30,0
DA:32,0
DA:35,0
DA:37,0
DA:42,0
DA:43,0
DA:48,1
DA:49,0
DA:50,0
DA:52,0
DA:55,0
DA:56,0
DA:60,0
DA:61,0
DA:64,0
DA:68,0
DA:69,0
DA:73,0
DA:74,0
DA:78,0
DA:83,0
DA:84,0
DA:87,0
DA:89,0
DA:91,0
DA:92,0
DA:97,1
DA:98,0
DA:99,0
DA:101,0
DA:105,0
DA:106,0
DA:109,0
DA:111,0
DA:112,0
DA:117,1
DA:118,0
DA:119,0
DA:122,0
DA:124,0
DA:125,0
DA:130,1
DA:131,0
DA:132,0
DA:133,0
DA:135,0
DA:137,0
DA:138,0
DA:142,0
DA:143,0
DA:147,0
DA:148,0
DA:149,0
DA:150,0
DA:151,0
DA:152,0
DA:154,0
DA:156,0
DA:161,0
DA:162,0
DA:167,1
DA:168,0
DA:169,0
DA:171,0
DA:173,0
DA:174,0
DA:178,0
DA:179,0
DA:183,0
DA:184,0
DA:185,0
DA:190,0
DA:192,0
DA:194,0
DA:195,0
DA:199,1
LF:85
LH:10
BRDA:22,0,0,0
BRDA:22,0,1,0
BRDA:43,1,0,0
BRDA:43,1,1,0
BRDA:55,2,0,0
BRDA:55,2,1,0
BRDA:60,3,0,0
BRDA:60,3,1,0
BRDA:68,4,0,0
BRDA:68,4,1,0
BRDA:73,5,0,0
BRDA:73,5,1,0
BRDA:83,6,0,0
BRDA:83,6,1,0
BRDA:92,7,0,0
BRDA:92,7,1,0
BRDA:105,8,0,0
BRDA:105,8,1,0
BRDA:112,9,0,0
BRDA:112,9,1,0
BRDA:125,10,0,0
BRDA:125,10,1,0
BRDA:137,11,0,0
BRDA:137,11,1,0
BRDA:142,12,0,0
BRDA:142,12,1,0
BRDA:147,13,0,0
BRDA:147,13,1,0
BRDA:148,14,0,0
BRDA:148,14,1,0
BRDA:149,15,0,0
BRDA:149,15,1,0
BRDA:150,16,0,0
BRDA:150,16,1,0
BRDA:151,17,0,0
BRDA:151,17,1,0
BRDA:152,18,0,0
BRDA:152,18,1,0
BRDA:162,19,0,0
BRDA:162,19,1,0
BRDA:173,20,0,0
BRDA:173,20,1,0
BRDA:178,21,0,0
BRDA:178,21,1,0
BRDA:184,22,0,0
BRDA:184,22,1,0
BRDA:195,23,0,0
BRDA:195,23,1,0
BRF:48
BRH:0
end_of_record
TN:
SF:backend\src\controllers\statsController.js
FN:6,(anonymous_0)
FNF:1
FNH:0
FNDA:0,(anonymous_0)
DA:1,1
DA:2,1
DA:3,1
DA:6,1
DA:7,0
DA:9,0
DA:10,0
DA:11,0
DA:12,0
DA:15,0
DA:18,0
DA:24,0
DA:30,0
DA:37,0
DA:48,0
DA:49,0
DA:53,1
LF:17
LH:5
BRDA:49,0,0,0
BRDA:49,0,1,0
BRF:2
BRH:0
end_of_record
TN:
SF:backend\src\controllers\userController.js
FN:5,(anonymous_0)
FN:37,(anonymous_1)
FN:70,(anonymous_2)
FN:100,(anonymous_3)
FNF:4
FNH:0
FNDA:0,(anonymous_0)
FNDA:0,(anonymous_1)
FNDA:0,(anonymous_2)
FNDA:0,(anonymous_3)
DA:1,1
DA:2,1
DA:5,1
DA:6,0
DA:7,0
DA:10,0
DA:14,0
DA:31,0
DA:32,0
DA:37,1
DA:38,0
DA:39,0
DA:40,0
DA:43,0
DA:44,0
DA:45,0
DA:46,0
DA:47,0
DA:49,0
DA:51,0
DA:64,0
DA:65,0
DA:70,1
DA:71,0
DA:72,0
DA:73,0
DA:76,0
DA:77,0
DA:81,0
DA:82,0
DA:86,0
DA:88,0
DA:92,0
DA:94,0
DA:95,0
DA:100,1
DA:101,0
DA:102,0
DA:104,0
DA:107,0
DA:108,0
DA:111,0
DA:113,0
DA:114,0
DA:118,1
LF:45
LH:7
BRDA:32,0,0,0
BRDA:32,0,1,0
BRDA:43,1,0,0
BRDA:43,1,1,0
BRDA:44,2,0,0
BRDA:44,2,1,0
BRDA:45,3,0,0
BRDA:45,3,1,0
BRDA:46,4,0,0
BRDA:46,4,1,0
BRDA:47,5,0,0
BRDA:47,5,1,0
BRDA:65,6,0,0
BRDA:65,6,1,0
BRDA:76,7,0,0
BRDA:76,7,1,0
BRDA:81,8,0,0
BRDA:81,8,1,0
BRDA:95,9,0,0
BRDA:95,9,1,0
BRDA:107,10,0,0
BRDA:107,10,1,0
BRDA:114,11,0,0
BRDA:114,11,1,0
BRF:24
BRH:0
end_of_record
TN:
SF:backend\src\middleware\auth.js
FN:21,(anonymous_0)
FN:59,(anonymous_1)
FNF:2
FNH:0
FNDA:0,(anonymous_0)
FNDA:0,(anonymous_1)
DA:1,1
DA:2,1
DA:5,1
DA:6,1
DA:9,1
DA:10,1
DA:13,1
DA:14,0
DA:15,0
DA:18,1
DA:21,1
DA:22,0
DA:24,0
DA:26,0
DA:27,0
DA:30,0
DA:33,0
DA:35,0
DA:36,0
DA:40,0
DA:42,0
DA:43,0
DA:47,0
DA:48,0
DA:49,0
DA:51,0
DA:53,0
DA:54,0
DA:59,1
DA:60,0
DA:61,0
DA:62,0
DA:66,0
DA:69,0
DA:70,0
DA:77,0
DA:81,0
DA:83,0
DA:85,0
DA:86,0
DA:90,1
LF:41
LH:11
BRDA:6,0,0,1
BRDA:6,0,1,0
BRDA:13,1,0,0
BRDA:13,1,1,1
BRDA:13,2,0,1
BRDA:13,2,1,1
BRDA:26,3,0,0
BRDA:26,3,1,0
BRDA:26,4,0,0
BRDA:26,4,1,0
BRDA:35,5,0,0
BRDA:35,5,1,0
BRDA:35,6,0,0
BRDA:35,6,1,0
BRDA:42,7,0,0
BRDA:42,7,1,0
BRDA:61,8,0,0
BRDA:61,8,1,0
BRDA:69,9,0,0
BRDA:69,9,1,0
BRDA:73,10,0,0
BRDA:73,10,1,0
BRF:22
BRH:4
end_of_record
TN:
SF:backend\src\middleware\rateLimit.js
FNF:0
FNH:0
DA:1,2
DA:4,2
DA:13,2
DA:21,2
LF:4
LH:4
BRF:0
BRH:0
end_of_record
TN:
SF:backend\src\middleware\validation.js
FN:4,(anonymous_0)
FNF:1
FNH:0
FNDA:0,(anonymous_0)
DA:1,1
DA:4,1
DA:5,0
DA:7,0
DA:8,0
DA:11,0
DA:15,1
DA:26,1
DA:33,1
DA:48,1
DA:59,1
DA:70,1
DA:82,1
DA:90,1
LF:14
LH:10
BRDA:7,0,0,0
BRDA:7,0,1,0
BRF:2
BRH:0
end_of_record
TN:
SF:backend\src\models\Appointment.js
FN:43,(anonymous_0)
FNF:1
FNH:0
FNDA:0,(anonymous_0)
DA:1,1
DA:2,1
DA:4,1
DA:43,1
DA:45,0
DA:47,0
DA:48,0
DA:49,0
DA:51,0
DA:54,1
DA:56,1
LF:11
LH:6
BRDA:45,0,0,0
BRDA:45,0,1,0
BRF:2
BRH:0
end_of_record
TN:
SF:backend\src\models\Donation.js
FN:67,(anonymous_0)
FN:86,(anonymous_1)
FNF:2
FNH:0
FNDA:0,(anonymous_0)
FNDA:0,(anonymous_1)
DA:1,1
DA:2,1
DA:4,1
DA:67,1
DA:68,0
DA:70,0
DA:71,0
DA:73,0
DA:74,0
DA:75,0
DA:76,0
DA:80,0
DA:81,0
DA:82,0
DA:84,0
DA:86,0
DA:87,0
DA:90,0
DA:91,0
DA:95,0
DA:98,0
DA:99,0
DA:100,0
DA:101,0
DA:104,0
DA:108,0
DA:112,1
DA:114,1
LF:28
LH:6
BRDA:73,0,0,0
BRDA:73,0,1,0
BRDA:80,1,0,0
BRDA:80,1,1,0
BRDA:84,2,0,0
BRDA:84,2,1,0
BRDA:90,3,0,0
BRDA:90,3,1,0
BRDA:98,4,0,0
BRDA:98,4,1,0
BRDA:100,5,0,0
BRDA:100,5,1,0
BRF:12
BRH:0
end_of_record
TN:
SF:backend\src\models\DonationCenter.js
FN:103,(anonymous_0)
FN:114,(anonymous_1)
FN:127,(anonymous_2)
FN:132,(anonymous_3)
FN:139,(anonymous_4)
FN:143,(anonymous_5)
FNF:6
FNH:0
FNDA:0,(anonymous_0)
FNDA:0,(anonymous_1)
FNDA:0,(anonymous_2)
FNDA:0,(anonymous_3)
FNDA:0,(anonymous_4)
FNDA:0,(anonymous_5)
DA:1,1
DA:2,1
DA:4,1
DA:100,1
DA:103,1
DA:104,0
DA:105,0
DA:108,0
DA:109,0
DA:110,0
DA:114,0
DA:115,0
DA:116,0
DA:119,0
DA:120,0
DA:121,0
DA:123,0
DA:127,1
DA:129,0
DA:132,0
DA:133,0
DA:136,0
DA:139,0
DA:143,1
DA:144,0
DA:158,1
DA:160,1
LF:27
LH:9
BRDA:104,0,0,0
BRDA:104,0,1,0
BRDA:104,1,0,0
BRDA:104,1,1,0
BRDA:109,2,0,0
BRDA:109,2,1,0
BRDA:109,3,0,0
BRDA:109,3,1,0
BRDA:123,4,0,0
BRDA:123,4,1,0
BRDA:136,5,0,0
BRDA:136,5,1,0
BRDA:143,6,0,0
BRF:13
BRH:0
end_of_record
TN:
SF:backend\src\models\Request.js
FN:114,(anonymous_0)
FN:116,(anonymous_1)
FN:139,(anonymous_2)
FN:140,(anonymous_3)
FN:164,(anonymous_4)
FNF:5
FNH:0
FNDA:0,(anonymous_0)
FNDA:0,(anonymous_1)
FNDA:0,(anonymous_2)
FNDA:0,(anonymous_3)
FNDA:0,(anonymous_4)
DA:1,1
DA:2,1
DA:4,1
DA:111,1
DA:114,1
DA:116,0
DA:117,0
DA:120,0
DA:121,0
DA:128,0
DA:129,0
DA:132,0
DA:135,0
DA:139,1
DA:140,0
DA:141,0
DA:144,0
DA:145,0
DA:148,0
DA:149,0
DA:152,0
DA:153,0
DA:157,0
DA:160,0
DA:164,1
DA:165,0
DA:177,1
DA:179,1
LF:28
LH:9
BRDA:120,0,0,0
BRDA:120,0,1,0
BRDA:128,1,0,0
BRDA:128,1,1,0
BRDA:144,2,0,0
BRDA:144,2,1,0
BRDA:148,3,0,0
BRDA:148,3,1,0
BRDA:152,4,0,0
BRDA:152,4,1,0
BRDA:164,5,0,0
BRF:11
BRH:0
end_of_record
TN:
SF:backend\src\models\User.js
FN:95,(anonymous_0)
FN:107,(anonymous_1)
FN:114,(anonymous_2)
FNF:3
FNH:0
FNDA:0,(anonymous_0)
FNDA:0,(anonymous_1)
FNDA:0,(anonymous_2)
DA:1,1
DA:2,1
DA:4,1
DA:92,1
DA:95,1
DA:97,0
DA:100,0
DA:101,0
DA:103,0
DA:107,1
DA:108,0
DA:109,0
DA:110,0
DA:114,1
DA:116,0
DA:127,0
DA:130,0
DA:137,0
DA:138,0
DA:149,0
DA:152,1
DA:154,1
LF:22
LH:9
BRDA:97,0,0,0
BRDA:97,0,1,0
BRDA:114,1,0,0
BRDA:127,2,0,0
BRDA:127,2,1,0
BRDA:137,3,0,0
BRDA:137,3,1,0
BRDA:137,4,0,0
BRDA:137,4,1,0
BRDA:137,4,2,0
BRF:10
BRH:0
end_of_record
TN:
SF:backend\src\routes\authRoutes.js
FNF:0
FNH:0
DA:1,1
DA:2,1
DA:3,1
DA:4,1
DA:5,1
DA:7,1
DA:10,1
DA:13,1
DA:16,1
DA:19,1
DA:21,1
LF:11
LH:11
BRF:0
BRH:0
end_of_record
TN:
SF:backend\src\routes\contactRoutes.js
FNF:0
FNH:0
DA:1,1
DA:2,1
DA:3,1
DA:5,1
DA:8,1
DA:10,1
LF:6
LH:6
BRF:0
BRH:0
end_of_record
TN:
SF:backend\src\routes\donationCenterRoutes.js
FNF:0
FNH:0
DA:1,1
DA:2,1
DA:3,1
DA:4,1
DA:6,1
DA:9,1
DA:12,1
DA:15,1
DA:18,1
DA:21,1
DA:24,1
DA:27,1
DA:30,1
DA:33,1
DA:35,1
LF:15
LH:15
BRF:0
BRH:0
end_of_record
TN:
SF:backend\src\routes\donationRoutes.js
FNF:0
FNH:0
DA:1,1
DA:2,1
DA:3,1
DA:4,1
DA:7,1
DA:10,1
DA:13,1
DA:16,1
DA:19,1
DA:21,1
LF:10
LH:10
BRF:0
BRH:0
end_of_record
TN:
SF:backend\src\routes\matchRoutes.js
FNF:0
FNH:0
DA:1,1
DA:2,1
DA:3,1
DA:6,1
DA:9,1
DA:12,1
DA:14,1
LF:7
LH:7
BRF:0
BRH:0
end_of_record
TN:
SF:backend\src\routes\requestsRoutes.js
FNF:0
FNH:0
DA:1,1
DA:2,1
DA:3,1
DA:4,1
DA:6,1
DA:9,1
DA:12,1
DA:16,1
DA:19,1
DA:22,1
DA:25,1
DA:27,1
LF:12
LH:12
BRF:0
BRH:0
end_of_record
TN:
SF:backend\src\routes\statsRoutes.js
FNF:0
FNH:0
DA:1,1
DA:2,1
DA:4,1
DA:7,1
DA:9,1
LF:5
LH:5
BRF:0
BRH:0
end_of_record
TN:
SF:backend\src\routes\usersRoutes.js
FNF:0
FNH:0
DA:1,1
DA:2,1
DA:3,1
DA:4,1
DA:6,1
DA:9,1
DA:12,1
DA:15,1
DA:18,1
DA:23,1
DA:25,1
LF:11
LH:11
BRF:0
BRH:0
end_of_record
TN:
SF:backend\src\utils\emailSender.js
FN:15,(anonymous_0)
FN:48,(anonymous_1)
FN:82,(anonymous_2)
FN:115,(anonymous_3)
FNF:4
FNH:0
FNDA:0,(anonymous_0)
FNDA:0,(anonymous_1)
FNDA:0,(anonymous_2)
FNDA:0,(anonymous_3)
DA:1,1
DA:4,1
DA:15,1
DA:16,0
DA:17,0
DA:39,0
DA:40,0
DA:42,0
DA:43,0
DA:48,1
DA:49,0
DA:50,0
DA:73,0
DA:74,0
DA:76,0
DA:77,0
DA:82,1
DA:83,0
DA:84,0
DA:106,0
DA:107,0
DA:109,0
DA:110,0
DA:115,1
DA:116,0
DA:117,0
DA:139,0
DA:140,0
DA:142,0
DA:143,0
DA:147,1
LF:31
LH:7
BRF:0
BRH:0
end_of_record
TN:
SF:backend\src\utils\supabase.js
FN:26,(anonymous_0)
FN:46,(anonymous_1)
FN:63,(anonymous_2)
FNF:3
FNH:0
FNDA:0,(anonymous_0)
FNDA:0,(anonymous_1)
FNDA:0,(anonymous_2)
DA:1,1
DA:2,1
DA:3,1
DA:6,1
DA:9,1
DA:10,1
DA:12,1
DA:13,1
DA:15,1
DA:16,0
DA:17,0
DA:20,1
DA:26,1
DA:27,0
DA:28,0
DA:36,0
DA:38,0
DA:40,0
DA:41,0
DA:46,1
DA:47,0
DA:48,0
DA:53,0
DA:55,0
DA:57,0
DA:58,0
DA:63,1
DA:64,0
DA:65,0
DA:69,0
DA:71,0
DA:73,0
DA:74,0
DA:78,1
LF:34
LH:14
BRDA:10,0,0,1
BRDA:10,0,1,0
BRDA:15,1,0,0
BRDA:15,1,1,1
BRDA:15,2,0,1
BRDA:15,2,1,1
BRDA:26,3,0,0
BRDA:36,4,0,0
BRDA:36,4,1,0
BRDA:41,5,0,0
BRDA:41,5,1,0
BRDA:53,6,0,0
BRDA:53,6,1,0
BRDA:58,7,0,0
BRDA:58,7,1,0
BRDA:69,8,0,0
BRDA:69,8,1,0
BRDA:74,9,0,0
BRDA:74,9,1,0
BRF:19
BRH:4
end_of_record
